[0322/001025.614:ERROR:process_memory_win.cc(73)] ReadMemory at 0x7ff740dd0000 of 64 bytes failed: Only part of a ReadProcessMemory or WriteProcessMemory request was completed. (0x12B)
[0322/001025.615:WARNING:pe_image_reader.cc(340)] could not read dos header from C:\Program Files (x86)\Google\Chrome\Application\chrome.exe
[0322/001025.615:ERROR:process_memory_win.cc(73)] ReadMemory at 0x7ff8b9e10000 of 64 bytes failed: Only part of a ReadProcessMemory or WriteProcessMemory request was completed. (0x12B)
[0322/001025.615:WARNING:pe_image_reader.cc(340)] could not read dos header from C:\WINDOWS\SYSTEM32\ntdll.dll
[0322/001025.615:ERROR:process_memory_win.cc(73)] ReadMemory at 0x7ff8b8320000 of 64 bytes failed: Only part of a ReadProcessMemory or WriteProcessMemory request was completed. (0x12B)
[0322/001025.615:WARNING:pe_image_reader.cc(340)] could not read dos header from C:\WINDOWS\System32\KERNEL32.DLL
[0322/001025.615:ERROR:process_memory_win.cc(73)] ReadMemory at 0x7ff8b60a0000 of 64 bytes failed: Only part of a ReadProcessMemory or WriteProcessMemory request was completed. (0x12B)
[0322/001025.615:WARNING:pe_image_reader.cc(340)] could not read dos header from C:\WINDOWS\System32\KERNELBASE.dll
[0322/001025.615:ERROR:process_memory_win.cc(73)] ReadMemory at 0x7ff899c80000 of 64 bytes failed: Only part of a ReadProcessMemory or WriteProcessMemory request was completed. (0x12B)
[0322/001025.615:WARNING:pe_image_reader.cc(340)] could not read dos header from C:\Program Files (x86)\Google\Chrome\Application\80.0.3987.149\chrome_elf.dll
[0322/001025.616:ERROR:process_memory_win.cc(73)] ReadMemory at 0x7ff8acc30000 of 64 bytes failed: Only part of a ReadProcessMemory or WriteProcessMemory request was completed. (0x12B)
[0322/001025.616:WARNING:pe_image_reader.cc(340)] could not read dos header from C:\WINDOWS\SYSTEM32\VERSION.dll
[0322/001025.616:ERROR:process_memory_win.cc(73)] ReadMemory at 0x7ff8b71e0000 of 64 bytes failed: Only part of a ReadProcessMemory or WriteProcessMemory request was completed. (0x12B)
[0322/001025.616:WARNING:pe_image_reader.cc(340)] could not read dos header from C:\WINDOWS\System32\msvcrt.dll
[0322/001025.616:ERROR:process_memory_win.cc(73)] ReadMemory at 0x7ff8b6f60000 of 64 bytes failed: Only part of a ReadProcessMemory or WriteProcessMemory request was completed. (0x12B)
[0322/001025.616:WARNING:pe_image_reader.cc(340)] could not read dos header from C:\WINDOWS\System32\bcryptPrimitives.dll
[0322/001025.616:ERROR:process_memory_win.cc(73)] ReadMemory at 0x7ff8b76e0000 of 64 bytes failed: Only part of a ReadProcessMemory or WriteProcessMemory request was completed. (0x12B)
[0322/001025.616:WARNING:pe_image_reader.cc(340)] could not read dos header from C:\WINDOWS\System32\ADVAPI32.dll
[0322/001025.616:ERROR:process_memory_win.cc(73)] ReadMemory at 0x7ff8b9b70000 of 64 bytes failed: Only part of a ReadProcessMemory or WriteProcessMemory request was completed. (0x12B)
[0322/001025.616:WARNING:pe_image_reader.cc(340)] could not read dos header from C:\WINDOWS\System32\sechost.dll
[0322/001025.616:ERROR:process_memory_win.cc(73)] ReadMemory at 0x7ff8b7580000 of 64 bytes failed: Only part of a ReadProcessMemory or WriteProcessMemory request was completed. (0x12B)
[0322/001025.616:WARNING:pe_image_reader.cc(340)] could not read dos header from C:\WINDOWS\System32\RPCRT4.dll
[0322/001025.616:ERROR:process_memory_win.cc(73)] ReadMemory at 0x7ff8594e0000 of 64 bytes failed: Only part of a ReadProcessMemory or WriteProcessMemory request was completed. (0x12B)
[0322/001025.616:WARNING:pe_image_reader.cc(340)] could not read dos header from C:\Program Files (x86)\Google\Chrome\Application\80.0.3987.149\chrome.dll
[0322/001025.616:ERROR:process_memory_win.cc(73)] ReadMemory at 0x7ff8b9c10000 of 64 bytes failed: Only part of a ReadProcessMemory or WriteProcessMemory request was completed. (0x12B)
[0322/001025.616:WARNING:pe_image_reader.cc(340)] could not read dos header from C:\WINDOWS\System32\WS2_32.dll
[0322/001025.616:ERROR:process_memory_win.cc(73)] ReadMemory at 0x7ff8b9d10000 of 64 bytes failed: Only part of a ReadProcessMemory or WriteProcessMemory request was completed. (0x12B)
[0322/001025.616:WARNING:pe_image_reader.cc(340)] could not read dos header from C:\WINDOWS\System32\OLEAUT32.dll
[0322/001025.616:ERROR:process_memory_win.cc(73)] ReadMemory at 0x7ff8b6340000 of 64 bytes failed: Only part of a ReadProcessMemory or WriteProcessMemory request was completed. (0x12B)
[0322/001025.616:WARNING:pe_image_reader.cc(340)] could not read dos header from C:\WINDOWS\System32\msvcp_win.dll
[0322/001025.616:ERROR:process_memory_win.cc(73)] ReadMemory at 0x7ff8b5f50000 of 64 bytes failed: Only part of a ReadProcessMemory or WriteProcessMemory request was completed. (0x12B)
[0322/001025.616:WARNING:pe_image_reader.cc(340)] could not read dos header from C:\WINDOWS\System32\ucrtbase.dll
[0322/001025.616:ERROR:process_memory_win.cc(73)] ReadMemory at 0x7ff8b7ff0000 of 64 bytes failed: Only part of a ReadProcessMemory or WriteProcessMemory request was completed. (0x12B)
[0322/001025.616:WARNING:pe_image_reader.cc(340)] could not read dos header from C:\WINDOWS\System32\combase.dll
[0322/001025.616:ERROR:process_memory_win.cc(73)] ReadMemory at 0x7ff8b5ef0000 of 64 bytes failed: Only part of a ReadProcessMemory or WriteProcessMemory request was completed. (0x12B)
[0322/001025.616:WARNING:pe_image_reader.cc(340)] could not read dos header from C:\WINDOWS\System32\WINTRUST.dll
[0322/001025.616:ERROR:process_memory_win.cc(73)] ReadMemory at 0x7ff8b5e80000 of 64 bytes failed: Only part of a ReadProcessMemory or WriteProcessMemory request was completed. (0x12B)
[0322/001025.616:WARNING:pe_image_reader.cc(340)] could not read dos header from C:\WINDOWS\System32\MSASN1.dll
[0322/001025.616:ERROR:process_memory_win.cc(73)] ReadMemory at 0x7ff8b63e0000 of 64 bytes failed: Only part of a ReadProcessMemory or WriteProcessMemory request was completed. (0x12B)
[0322/001025.616:WARNING:pe_image_reader.cc(340)] could not read dos header from C:\WINDOWS\System32\CRYPT32.dll
[0322/001025.616:ERROR:process_memory_win.cc(73)] ReadMemory at 0x7ff8b5390000 of 64 bytes failed: Only part of a ReadProcessMemory or WriteProcessMemory request was completed. (0x12B)
[0322/001025.616:WARNING:pe_image_reader.cc(340)] could not read dos header from C:\WINDOWS\SYSTEM32\IPHLPAPI.DLL
[0322/001025.616:ERROR:process_memory_win.cc(73)] ReadMemory at 0x7ff8ae200000 of 64 bytes failed: Only part of a ReadProcessMemory or WriteProcessMemory request was completed. (0x12B)
[0322/001025.616:WARNING:pe_image_reader.cc(340)] could not read dos header from C:\WINDOWS\SYSTEM32\WINMM.dll
[0322/001025.616:ERROR:process_memory_win.cc(73)] ReadMemory at 0x7ff8a3be0000 of 64 bytes failed: Only part of a ReadProcessMemory or WriteProcessMemory request was completed. (0x12B)
[0322/001025.616:WARNING:pe_image_reader.cc(340)] could not read dos header from C:\WINDOWS\SYSTEM32\Secur32.dll
[0322/001025.616:ERROR:process_memory_win.cc(73)] ReadMemory at 0x7ff8b5d30000 of 64 bytes failed: Only part of a ReadProcessMemory or WriteProcessMemory request was completed. (0x12B)
[0322/001025.616:WARNING:pe_image_reader.cc(340)] could not read dos header from C:\WINDOWS\SYSTEM32\USERENV.dll
[0322/001025.616:ERROR:process_memory_win.cc(73)] ReadMemory at 0x7ff8b5ea0000 of 64 bytes failed: Only part of a ReadProcessMemory or WriteProcessMemory request was completed. (0x12B)
[0322/001025.616:WARNING:pe_image_reader.cc(340)] could not read dos header from C:\WINDOWS\System32\profapi.dll
[0322/001025.616:ERROR:process_memory_win.cc(73)] ReadMemory at 0x7ff8904c0000 of 64 bytes failed: Only part of a ReadProcessMemory or WriteProcessMemory request was completed. (0x12B)
[0322/001025.616:WARNING:pe_image_reader.cc(340)] could not read dos header from C:\WINDOWS\SYSTEM32\UIAutomationCore.DLL
[0322/001025.616:ERROR:process_memory_win.cc(73)] ReadMemory at 0x7ff894c90000 of 64 bytes failed: Only part of a ReadProcessMemory or WriteProcessMemory request was completed. (0x12B)
[0322/001025.616:WARNING:pe_image_reader.cc(340)] could not read dos header from C:\WINDOWS\SYSTEM32\DWrite.dll
[0322/001025.616:ERROR:process_memory_win.cc(73)] ReadMemory at 0x7ff8a1200000 of 64 bytes failed: Only part of a ReadProcessMemory or WriteProcessMemory request was completed. (0x12B)
[0322/001025.616:WARNING:pe_image_reader.cc(340)] could not read dos header from C:\WINDOWS\SYSTEM32\WINSPOOL.DRV
[0322/001025.616:ERROR:process_memory_win.cc(73)] ReadMemory at 0x7ff8b5e00000 of 64 bytes failed: Only part of a ReadProcessMemory or WriteProcessMemory request was completed. (0x12B)
[0322/001025.616:WARNING:pe_image_reader.cc(340)] could not read dos header from C:\WINDOWS\System32\kernel.appcore.dll
[0322/001025.616:ERROR:process_memory_win.cc(73)] ReadMemory at 0x7ff8b6fe0000 of 64 bytes failed: Only part of a ReadProcessMemory or WriteProcessMemory request was completed. (0x12B)
[0322/001025.616:WARNING:pe_image_reader.cc(340)] could not read dos header from C:\WINDOWS\System32\bcrypt.dll
[0322/001025.616:ERROR:process_memory_win.cc(73)] ReadMemory at 0x7ff8b47c0000 of 64 bytes failed: Only part of a ReadProcessMemory or WriteProcessMemory request was completed. (0x12B)
[0322/001025.616:WARNING:pe_image_reader.cc(340)] could not read dos header from C:\WINDOWS\SYSTEM32\dbghelp.dll
[0322/001025.616:ERROR:process_memory_win.cc(73)] ReadMemory at 0x7ff8ae750000 of 64 bytes failed: Only part of a ReadProcessMemory or WriteProcessMemory request was completed. (0x12B)
[0322/001025.616:WARNING:pe_image_reader.cc(340)] could not read dos header from C:\WINDOWS\SYSTEM32\WINHTTP.dll
[0322/001025.616:ERROR:process_memory_win.cc(73)] ReadMemory at 0x7ff8ab250000 of 64 bytes failed: Only part of a ReadProcessMemory or WriteProcessMemory request was completed. (0x12B)
[0322/001025.616:WARNING:pe_image_reader.cc(340)] could not read dos header from C:\WINDOWS\SYSTEM32\dhcpcsvc.DLL
[0322/001025.616:ERROR:process_memory_win.cc(73)] ReadMemory at 0x7ff8b7030000 of 64 bytes failed: Only part of a ReadProcessMemory or WriteProcessMemory request was completed. (0x12B)
[0322/001025.616:WARNING:pe_image_reader.cc(340)] could not read dos header from C:\WINDOWS\System32\NSI.dll
[0322/001025.617:ERROR:process_memory_win.cc(73)] ReadMemory at 0x7ff8ae1d0000 of 64 bytes failed: Only part of a ReadProcessMemory or WriteProcessMemory request was completed. (0x12B)
[0322/001025.617:WARNING:pe_image_reader.cc(340)] could not read dos header from C:\WINDOWS\SYSTEM32\WINMMBASE.dll
[0322/001025.617:ERROR:process_memory_win.cc(73)] ReadMemory at 0x7ff8b6050000 of 64 bytes failed: Only part of a ReadProcessMemory or WriteProcessMemory request was completed. (0x12B)
[0322/001025.617:WARNING:pe_image_reader.cc(340)] could not read dos header from C:\WINDOWS\System32\cfgmgr32.dll
[0322/001025.617:ERROR:process_memory_win.cc(73)] ReadMemory at 0x7ff89fe10000 of 64 bytes failed: Only part of a ReadProcessMemory or WriteProcessMemory request was completed. (0x12B)
[0322/001025.617:WARNING:pe_image_reader.cc(340)] could not read dos header from C:\WINDOWS\SYSTEM32\Bcp47Langs.dll
[0322/001025.617:ERROR:process_memory_win.cc(73)] ReadMemory at 0x7ff8b3b60000 of 64 bytes failed: Only part of a ReadProcessMemory or WriteProcessMemory request was completed. (0x12B)
[0322/001025.617:WARNING:pe_image_reader.cc(340)] could not read dos header from C:\WINDOWS\SYSTEM32\PROPSYS.dll
[0322/001025.617:ERROR:process_memory_win.cc(73)] ReadMemory at 0x7ff8b74a0000 of 64 bytes failed: Only part of a ReadProcessMemory or WriteProcessMemory request was completed. (0x12B)
[0322/001025.617:WARNING:pe_image_reader.cc(340)] could not read dos header from C:\WINDOWS\System32\shcore.dll
[0322/001025.617:ERROR:process_memory_win.cc(73)] ReadMemory at 0x7ff8b5d00000 of 64 bytes failed: Only part of a ReadProcessMemory or WriteProcessMemory request was completed. (0x12B)
[0322/001025.617:WARNING:pe_image_reader.cc(340)] could not read dos header from C:\WINDOWS\SYSTEM32\SSPICLI.DLL
[0322/001025.617:ERROR:process_memory_win.cc(73)] ReadMemory at 0x7ff8b8610000 of 64 bytes failed: Only part of a ReadProcessMemory or WriteProcessMemory request was completed. (0x12B)
[0322/001025.617:WARNING:pe_image_reader.cc(340)] could not read dos header from C:\WINDOWS\System32\SHELL32.dll
[0322/001025.617:ERROR:process_memory_win.cc(73)] ReadMemory at 0x7ff8b6810000 of 64 bytes failed: Only part of a ReadProcessMemory or WriteProcessMemory request was completed. (0x12B)
[0322/001025.617:WARNING:pe_image_reader.cc(340)] could not read dos header from C:\WINDOWS\System32\windows.storage.dll
[0322/001025.617:ERROR:process_memory_win.cc(73)] ReadMemory at 0x7ff8b5e20000 of 64 bytes failed: Only part of a ReadProcessMemory or WriteProcessMemory request was completed. (0x12B)
[0322/001025.617:WARNING:pe_image_reader.cc(340)] could not read dos header from C:\WINDOWS\System32\powrprof.dll
[0322/001025.617:ERROR:process_memory_win.cc(73)] ReadMemory at 0x7ff8b9cb0000 of 64 bytes failed: Only part of a ReadProcessMemory or WriteProcessMemory request was completed. (0x12B)
[0322/001025.617:WARNING:pe_image_reader.cc(340)] could not read dos header from C:\WINDOWS\System32\shlwapi.dll
[0322/001025.617:ERROR:process_memory_win.cc(73)] ReadMemory at 0x7ff8b7550000 of 64 bytes failed: Only part of a ReadProcessMemory or WriteProcessMemory request was completed. (0x12B)
[0322/001025.617:WARNING:pe_image_reader.cc(340)] could not read dos header from C:\WINDOWS\System32\GDI32.dll
[0322/001025.617:ERROR:process_memory_win.cc(73)] ReadMemory at 0x7ff8b6670000 of 64 bytes failed: Only part of a ReadProcessMemory or WriteProcessMemory request was completed. (0x12B)
[0322/001025.617:WARNING:pe_image_reader.cc(340)] could not read dos header from C:\WINDOWS\System32\gdi32full.dll
[0322/001025.617:ERROR:process_memory_win.cc(73)] ReadMemory at 0x7ff8b7040000 of 64 bytes failed: Only part of a ReadProcessMemory or WriteProcessMemory request was completed. (0x12B)
[0322/001025.617:WARNING:pe_image_reader.cc(340)] could not read dos header from C:\WINDOWS\System32\USER32.dll
[0322/001025.617:ERROR:process_memory_win.cc(73)] ReadMemory at 0x7ff8b5ed0000 of 64 bytes failed: Only part of a ReadProcessMemory or WriteProcessMemory request was completed. (0x12B)
[0322/001025.617:WARNING:pe_image_reader.cc(340)] could not read dos header from C:\WINDOWS\System32\win32u.dll
[0322/001025.617:ERROR:process_memory_win.cc(73)] ReadMemory at 0x7ff8b7010000 of 64 bytes failed: Only part of a ReadProcessMemory or WriteProcessMemory request was completed. (0x12B)
[0322/001025.617:WARNING:pe_image_reader.cc(340)] could not read dos header from C:\WINDOWS\System32\cryptsp.dll
[0322/001025.617:ERROR:process_memory_win.cc(73)] ReadMemory at 0x7ff8b9c80000 of 64 bytes failed: Only part of a ReadProcessMemory or WriteProcessMemory request was completed. (0x12B)
[0322/001025.617:WARNING:pe_image_reader.cc(340)] could not read dos header from C:\WINDOWS\System32\IMM32.DLL
[0322/001025.617:ERROR:process_memory_win.cc(73)] ReadMemory at 0x7ff8b5840000 of 64 bytes failed: Only part of a ReadProcessMemory or WriteProcessMemory request was completed. (0x12B)
[0322/001025.617:WARNING:pe_image_reader.cc(340)] could not read dos header from C:\WINDOWS\SYSTEM32\CRYPTBASE.DLL
[0322/001025.617:ERROR:process_memory_win.cc(73)] ReadMemory at 0x7ff740dd0000 of 64 bytes failed: Only part of a ReadProcessMemory or WriteProcessMemory request was completed. (0x12B)
[0322/001025.617:WARNING:pe_image_reader.cc(340)] could not read dos header from C:\Program Files (x86)\Google\Chrome\Application\chrome.exe
[0322/001025.617:ERROR:process_memory_win.cc(73)] ReadMemory at 0x7ff8b9e10000 of 64 bytes failed: Only part of a ReadProcessMemory or WriteProcessMemory request was completed. (0x12B)
[0322/001025.617:WARNING:pe_image_reader.cc(340)] could not read dos header from C:\WINDOWS\SYSTEM32\ntdll.dll
[0322/001025.617:ERROR:process_memory_win.cc(73)] ReadMemory at 0x7ff8b8320000 of 64 bytes failed: Only part of a ReadProcessMemory or WriteProcessMemory request was completed. (0x12B)
[0322/001025.617:WARNING:pe_image_reader.cc(340)] could not read dos header from C:\WINDOWS\System32\KERNEL32.DLL
[0322/001025.617:ERROR:process_memory_win.cc(73)] ReadMemory at 0x7ff8b60a0000 of 64 bytes failed: Only part of a ReadProcessMemory or WriteProcessMemory request was completed. (0x12B)
[0322/001025.617:WARNING:pe_image_reader.cc(340)] could not read dos header from C:\WINDOWS\System32\KERNELBASE.dll
[0322/001025.617:ERROR:process_memory_win.cc(73)] ReadMemory at 0x7ff899c80000 of 64 bytes failed: Only part of a ReadProcessMemory or WriteProcessMemory request was completed. (0x12B)
[0322/001025.617:WARNING:pe_image_reader.cc(340)] could not read dos header from C:\Program Files (x86)\Google\Chrome\Application\80.0.3987.149\chrome_elf.dll
[0322/001025.617:ERROR:process_memory_win.cc(73)] ReadMemory at 0x7ff8acc30000 of 64 bytes failed: Only part of a ReadProcessMemory or WriteProcessMemory request was completed. (0x12B)
[0322/001025.617:WARNING:pe_image_reader.cc(340)] could not read dos header from C:\WINDOWS\SYSTEM32\VERSION.dll
[0322/001025.617:ERROR:process_memory_win.cc(73)] ReadMemory at 0x7ff8b71e0000 of 64 bytes failed: Only part of a ReadProcessMemory or WriteProcessMemory request was completed. (0x12B)
[0322/001025.617:WARNING:pe_image_reader.cc(340)] could not read dos header from C:\WINDOWS\System32\msvcrt.dll
[0322/001025.618:ERROR:process_memory_win.cc(73)] ReadMemory at 0x7ff8b6f60000 of 64 bytes failed: Only part of a ReadProcessMemory or WriteProcessMemory request was completed. (0x12B)
[0322/001025.618:WARNING:pe_image_reader.cc(340)] could not read dos header from C:\WINDOWS\System32\bcryptPrimitives.dll
[0322/001025.618:ERROR:process_memory_win.cc(73)] ReadMemory at 0x7ff8b76e0000 of 64 bytes failed: Only part of a ReadProcessMemory or WriteProcessMemory request was completed. (0x12B)
[0322/001025.618:WARNING:pe_image_reader.cc(340)] could not read dos header from C:\WINDOWS\System32\ADVAPI32.dll
[0322/001025.618:ERROR:process_memory_win.cc(73)] ReadMemory at 0x7ff8b9b70000 of 64 bytes failed: Only part of a ReadProcessMemory or WriteProcessMemory request was completed. (0x12B)
[0322/001025.618:WARNING:pe_image_reader.cc(340)] could not read dos header from C:\WINDOWS\System32\sechost.dll
[0322/001025.618:ERROR:process_memory_win.cc(73)] ReadMemory at 0x7ff8b7580000 of 64 bytes failed: Only part of a ReadProcessMemory or WriteProcessMemory request was completed. (0x12B)
[0322/001025.618:WARNING:pe_image_reader.cc(340)] could not read dos header from C:\WINDOWS\System32\RPCRT4.dll
[0322/001025.618:ERROR:process_memory_win.cc(73)] ReadMemory at 0x7ff8594e0000 of 64 bytes failed: Only part of a ReadProcessMemory or WriteProcessMemory request was completed. (0x12B)
[0322/001025.618:WARNING:pe_image_reader.cc(340)] could not read dos header from C:\Program Files (x86)\Google\Chrome\Application\80.0.3987.149\chrome.dll
[0322/001025.618:ERROR:process_memory_win.cc(73)] ReadMemory at 0x7ff8b9c10000 of 64 bytes failed: Only part of a ReadProcessMemory or WriteProcessMemory request was completed. (0x12B)
[0322/001025.618:WARNING:pe_image_reader.cc(340)] could not read dos header from C:\WINDOWS\System32\WS2_32.dll
[0322/001025.618:ERROR:process_memory_win.cc(73)] ReadMemory at 0x7ff8b9d10000 of 64 bytes failed: Only part of a ReadProcessMemory or WriteProcessMemory request was completed. (0x12B)
[0322/001025.618:WARNING:pe_image_reader.cc(340)] could not read dos header from C:\WINDOWS\System32\OLEAUT32.dll
[0322/001025.618:ERROR:process_memory_win.cc(73)] ReadMemory at 0x7ff8b6340000 of 64 bytes failed: Only part of a ReadProcessMemory or WriteProcessMemory request was completed. (0x12B)
[0322/001025.618:WARNING:pe_image_reader.cc(340)] could not read dos header from C:\WINDOWS\System32\msvcp_win.dll
[0322/001025.618:ERROR:process_memory_win.cc(73)] ReadMemory at 0x7ff8b5f50000 of 64 bytes failed: Only part of a ReadProcessMemory or WriteProcessMemory request was completed. (0x12B)
[0322/001025.618:WARNING:pe_image_reader.cc(340)] could not read dos header from C:\WINDOWS\System32\ucrtbase.dll
[0322/001025.618:ERROR:process_memory_win.cc(73)] ReadMemory at 0x7ff8b7ff0000 of 64 bytes failed: Only part of a ReadProcessMemory or WriteProcessMemory request was completed. (0x12B)
[0322/001025.618:WARNING:pe_image_reader.cc(340)] could not read dos header from C:\WINDOWS\System32\combase.dll
[0322/001025.618:ERROR:process_memory_win.cc(73)] ReadMemory at 0x7ff8b5ef0000 of 64 bytes failed: Only part of a ReadProcessMemory or WriteProcessMemory request was completed. (0x12B)
[0322/001025.618:WARNING:pe_image_reader.cc(340)] could not read dos header from C:\WINDOWS\System32\WINTRUST.dll
[0322/001025.618:ERROR:process_memory_win.cc(73)] ReadMemory at 0x7ff8b5e80000 of 64 bytes failed: Only part of a ReadProcessMemory or WriteProcessMemory request was completed. (0x12B)
[0322/001025.618:WARNING:pe_image_reader.cc(340)] could not read dos header from C:\WINDOWS\System32\MSASN1.dll
[0322/001025.618:ERROR:process_memory_win.cc(73)] ReadMemory at 0x7ff8b63e0000 of 64 bytes failed: Only part of a ReadProcessMemory or WriteProcessMemory request was completed. (0x12B)
[0322/001025.618:WARNING:pe_image_reader.cc(340)] could not read dos header from C:\WINDOWS\System32\CRYPT32.dll
[0322/001025.618:ERROR:process_memory_win.cc(73)] ReadMemory at 0x7ff8b5390000 of 64 bytes failed: Only part of a ReadProcessMemory or WriteProcessMemory request was completed. (0x12B)
[0322/001025.618:WARNING:pe_image_reader.cc(340)] could not read dos header from C:\WINDOWS\SYSTEM32\IPHLPAPI.DLL
[0322/001025.618:ERROR:process_memory_win.cc(73)] ReadMemory at 0x7ff8ae200000 of 64 bytes failed: Only part of a ReadProcessMemory or WriteProcessMemory request was completed. (0x12B)
[0322/001025.618:WARNING:pe_image_reader.cc(340)] could not read dos header from C:\WINDOWS\SYSTEM32\WINMM.dll
[0322/001025.618:ERROR:process_memory_win.cc(73)] ReadMemory at 0x7ff8a3be0000 of 64 bytes failed: Only part of a ReadProcessMemory or WriteProcessMemory request was completed. (0x12B)
[0322/001025.618:WARNING:pe_image_reader.cc(340)] could not read dos header from C:\WINDOWS\SYSTEM32\Secur32.dll
[0322/001025.618:ERROR:process_memory_win.cc(73)] ReadMemory at 0x7ff8b5d30000 of 64 bytes failed: Only part of a ReadProcessMemory or WriteProcessMemory request was completed. (0x12B)
[0322/001025.618:WARNING:pe_image_reader.cc(340)] could not read dos header from C:\WINDOWS\SYSTEM32\USERENV.dll
[0322/001025.618:ERROR:process_memory_win.cc(73)] ReadMemory at 0x7ff8b5ea0000 of 64 bytes failed: Only part of a ReadProcessMemory or WriteProcessMemory request was completed. (0x12B)
[0322/001025.618:WARNING:pe_image_reader.cc(340)] could not read dos header from C:\WINDOWS\System32\profapi.dll
[0322/001025.618:ERROR:process_memory_win.cc(73)] ReadMemory at 0x7ff8904c0000 of 64 bytes failed: Only part of a ReadProcessMemory or WriteProcessMemory request was completed. (0x12B)
[0322/001025.618:WARNING:pe_image_reader.cc(340)] could not read dos header from C:\WINDOWS\SYSTEM32\UIAutomationCore.DLL
[0322/001025.618:ERROR:process_memory_win.cc(73)] ReadMemory at 0x7ff894c90000 of 64 bytes failed: Only part of a ReadProcessMemory or WriteProcessMemory request was completed. (0x12B)
[0322/001025.618:WARNING:pe_image_reader.cc(340)] could not read dos header from C:\WINDOWS\SYSTEM32\DWrite.dll
[0322/001025.618:ERROR:process_memory_win.cc(73)] ReadMemory at 0x7ff8a1200000 of 64 bytes failed: Only part of a ReadProcessMemory or WriteProcessMemory request was completed. (0x12B)
[0322/001025.618:WARNING:pe_image_reader.cc(340)] could not read dos header from C:\WINDOWS\SYSTEM32\WINSPOOL.DRV
[0322/001025.618:ERROR:process_memory_win.cc(73)] ReadMemory at 0x7ff8b5e00000 of 64 bytes failed: Only part of a ReadProcessMemory or WriteProcessMemory request was completed. (0x12B)
[0322/001025.618:WARNING:pe_image_reader.cc(340)] could not read dos header from C:\WINDOWS\System32\kernel.appcore.dll
[0322/001025.618:ERROR:process_memory_win.cc(73)] ReadMemory at 0x7ff8b6fe0000 of 64 bytes failed: Only part of a ReadProcessMemory or WriteProcessMemory request was completed. (0x12B)
[0322/001025.618:WARNING:pe_image_reader.cc(340)] could not read dos header from C:\WINDOWS\System32\bcrypt.dll
[0322/001025.618:ERROR:process_memory_win.cc(73)] ReadMemory at 0x7ff8b47c0000 of 64 bytes failed: Only part of a ReadProcessMemory or WriteProcessMemory request was completed. (0x12B)
[0322/001025.618:WARNING:pe_image_reader.cc(340)] could not read dos header from C:\WINDOWS\SYSTEM32\dbghelp.dll
[0322/001025.618:ERROR:process_memory_win.cc(73)] ReadMemory at 0x7ff8ae750000 of 64 bytes failed: Only part of a ReadProcessMemory or WriteProcessMemory request was completed. (0x12B)
[0322/001025.618:WARNING:pe_image_reader.cc(340)] could not read dos header from C:\WINDOWS\SYSTEM32\WINHTTP.dll
[0322/001025.618:ERROR:process_memory_win.cc(73)] ReadMemory at 0x7ff8ab250000 of 64 bytes failed: Only part of a ReadProcessMemory or WriteProcessMemory request was completed. (0x12B)
[0322/001025.618:WARNING:pe_image_reader.cc(340)] could not read dos header from C:\WINDOWS\SYSTEM32\dhcpcsvc.DLL
[0322/001025.618:ERROR:process_memory_win.cc(73)] ReadMemory at 0x7ff8b7030000 of 64 bytes failed: Only part of a ReadProcessMemory or WriteProcessMemory request was completed. (0x12B)
[0322/001025.618:WARNING:pe_image_reader.cc(340)] could not read dos header from C:\WINDOWS\System32\NSI.dll
[0322/001025.618:ERROR:process_memory_win.cc(73)] ReadMemory at 0x7ff8ae1d0000 of 64 bytes failed: Only part of a ReadProcessMemory or WriteProcessMemory request was completed. (0x12B)
[0322/001025.618:WARNING:pe_image_reader.cc(340)] could not read dos header from C:\WINDOWS\SYSTEM32\WINMMBASE.dll
[0322/001025.618:ERROR:process_memory_win.cc(73)] ReadMemory at 0x7ff8b6050000 of 64 bytes failed: Only part of a ReadProcessMemory or WriteProcessMemory request was completed. (0x12B)
[0322/001025.619:WARNING:pe_image_reader.cc(340)] could not read dos header from C:\WINDOWS\System32\cfgmgr32.dll
[0322/001025.619:ERROR:process_memory_win.cc(73)] ReadMemory at 0x7ff89fe10000 of 64 bytes failed: Only part of a ReadProcessMemory or WriteProcessMemory request was completed. (0x12B)
[0322/001025.619:WARNING:pe_image_reader.cc(340)] could not read dos header from C:\WINDOWS\SYSTEM32\Bcp47Langs.dll
[0322/001025.619:ERROR:process_memory_win.cc(73)] ReadMemory at 0x7ff8b3b60000 of 64 bytes failed: Only part of a ReadProcessMemory or WriteProcessMemory request was completed. (0x12B)
[0322/001025.619:WARNING:pe_image_reader.cc(340)] could not read dos header from C:\WINDOWS\SYSTEM32\PROPSYS.dll
[0322/001025.619:ERROR:process_memory_win.cc(73)] ReadMemory at 0x7ff8b74a0000 of 64 bytes failed: Only part of a ReadProcessMemory or WriteProcessMemory request was completed. (0x12B)
[0322/001025.619:WARNING:pe_image_reader.cc(340)] could not read dos header from C:\WINDOWS\System32\shcore.dll
[0322/001025.619:ERROR:process_memory_win.cc(73)] ReadMemory at 0x7ff8b5d00000 of 64 bytes failed: Only part of a ReadProcessMemory or WriteProcessMemory request was completed. (0x12B)
[0322/001025.619:WARNING:pe_image_reader.cc(340)] could not read dos header from C:\WINDOWS\SYSTEM32\SSPICLI.DLL
[0322/001025.619:ERROR:process_memory_win.cc(73)] ReadMemory at 0x7ff8b8610000 of 64 bytes failed: Only part of a ReadProcessMemory or WriteProcessMemory request was completed. (0x12B)
[0322/001025.619:WARNING:pe_image_reader.cc(340)] could not read dos header from C:\WINDOWS\System32\SHELL32.dll
[0322/001025.619:ERROR:process_memory_win.cc(73)] ReadMemory at 0x7ff8b6810000 of 64 bytes failed: Only part of a ReadProcessMemory or WriteProcessMemory request was completed. (0x12B)
[0322/001025.619:WARNING:pe_image_reader.cc(340)] could not read dos header from C:\WINDOWS\System32\windows.storage.dll
[0322/001025.619:ERROR:process_memory_win.cc(73)] ReadMemory at 0x7ff8b5e20000 of 64 bytes failed: Only part of a ReadProcessMemory or WriteProcessMemory request was completed. (0x12B)
[0322/001025.619:WARNING:pe_image_reader.cc(340)] could not read dos header from C:\WINDOWS\System32\powrprof.dll
[0322/001025.619:ERROR:process_memory_win.cc(73)] ReadMemory at 0x7ff8b9cb0000 of 64 bytes failed: Only part of a ReadProcessMemory or WriteProcessMemory request was completed. (0x12B)
[0322/001025.619:WARNING:pe_image_reader.cc(340)] could not read dos header from C:\WINDOWS\System32\shlwapi.dll
[0322/001025.619:ERROR:process_memory_win.cc(73)] ReadMemory at 0x7ff8b7550000 of 64 bytes failed: Only part of a ReadProcessMemory or WriteProcessMemory request was completed. (0x12B)
[0322/001025.619:WARNING:pe_image_reader.cc(340)] could not read dos header from C:\WINDOWS\System32\GDI32.dll
[0322/001025.619:ERROR:process_memory_win.cc(73)] ReadMemory at 0x7ff8b6670000 of 64 bytes failed: Only part of a ReadProcessMemory or WriteProcessMemory request was completed. (0x12B)
[0322/001025.619:WARNING:pe_image_reader.cc(340)] could not read dos header from C:\WINDOWS\System32\gdi32full.dll
[0322/001025.619:ERROR:process_memory_win.cc(73)] ReadMemory at 0x7ff8b7040000 of 64 bytes failed: Only part of a ReadProcessMemory or WriteProcessMemory request was completed. (0x12B)
[0322/001025.619:WARNING:pe_image_reader.cc(340)] could not read dos header from C:\WINDOWS\System32\USER32.dll
[0322/001025.619:ERROR:process_memory_win.cc(73)] ReadMemory at 0x7ff8b5ed0000 of 64 bytes failed: Only part of a ReadProcessMemory or WriteProcessMemory request was completed. (0x12B)
[0322/001025.619:WARNING:pe_image_reader.cc(340)] could not read dos header from C:\WINDOWS\System32\win32u.dll
[0322/001025.619:ERROR:process_memory_win.cc(73)] ReadMemory at 0x7ff8b7010000 of 64 bytes failed: Only part of a ReadProcessMemory or WriteProcessMemory request was completed. (0x12B)
[0322/001025.619:WARNING:pe_image_reader.cc(340)] could not read dos header from C:\WINDOWS\System32\cryptsp.dll
[0322/001025.619:ERROR:process_memory_win.cc(73)] ReadMemory at 0x7ff8b9c80000 of 64 bytes failed: Only part of a ReadProcessMemory or WriteProcessMemory request was completed. (0x12B)
[0322/001025.619:WARNING:pe_image_reader.cc(340)] could not read dos header from C:\WINDOWS\System32\IMM32.DLL
[0322/001025.619:ERROR:process_memory_win.cc(73)] ReadMemory at 0x7ff8b5840000 of 64 bytes failed: Only part of a ReadProcessMemory or WriteProcessMemory request was completed. (0x12B)
[0322/001025.619:WARNING:pe_image_reader.cc(340)] could not read dos header from C:\WINDOWS\SYSTEM32\CRYPTBASE.DLL
[0322/001025.627:ERROR:process_memory_win.cc(73)] ReadMemory at 0xad0bfef000 of 69632 bytes failed: Only part of a ReadProcessMemory or WriteProcessMemory request was completed. (0x12B)
[0322/001025.627:ERROR:process_memory_win.cc(73)] ReadMemory at 0xad0c7fd000 of 12288 bytes failed: Only part of a ReadProcessMemory or WriteProcessMemory request was completed. (0x12B)
[0322/001025.627:ERROR:process_memory_win.cc(73)] ReadMemory at 0xad0d7fc000 of 16384 bytes failed: Only part of a ReadProcessMemory or WriteProcessMemory request was completed. (0x12B)
[0322/001025.627:ERROR:process_memory_win.cc(73)] ReadMemory at 0xad0dffb000 of 20480 bytes failed: Only part of a ReadProcessMemory or WriteProcessMemory request was completed. (0x12B)
[0322/001025.627:ERROR:process_memory_win.cc(73)] ReadMemory at 0xad0e7fe000 of 8192 bytes failed: Only part of a ReadProcessMemory or WriteProcessMemory request was completed. (0x12B)
[0322/001025.627:ERROR:process_memory_win.cc(73)] ReadMemory at 0xad0effd000 of 12288 bytes failed: Only part of a ReadProcessMemory or WriteProcessMemory request was completed. (0x12B)
[0322/001025.627:ERROR:process_memory_win.cc(73)] ReadMemory at 0xad0f7fb000 of 20480 bytes failed: Only part of a ReadProcessMemory or WriteProcessMemory request was completed. (0x12B)
[0322/001025.628:ERROR:process_memory_win.cc(73)] ReadMemory at 0xad107fd000 of 12288 bytes failed: Only part of a ReadProcessMemory or WriteProcessMemory request was completed. (0x12B)
[0322/001025.628:ERROR:process_memory_win.cc(73)] ReadMemory at 0xad10ff7000 of 36864 bytes failed: Only part of a ReadProcessMemory or WriteProcessMemory request was completed. (0x12B)
[0322/001025.628:ERROR:process_memory_win.cc(73)] ReadMemory at 0xad117f6000 of 40960 bytes failed: Only part of a ReadProcessMemory or WriteProcessMemory request was completed. (0x12B)
[0322/001025.628:ERROR:process_memory_win.cc(73)] ReadMemory at 0xad11ff4000 of 49152 bytes failed: Only part of a ReadProcessMemory or WriteProcessMemory request was completed. (0x12B)
[0322/001025.628:ERROR:process_memory_win.cc(73)] ReadMemory at 0xad127f6000 of 40960 bytes failed: Only part of a ReadProcessMemory or WriteProcessMemory request was completed. (0x12B)
[0322/001025.628:ERROR:process_memory_win.cc(73)] ReadMemory at 0xad12ffc000 of 16384 bytes failed: Only part of a ReadProcessMemory or WriteProcessMemory request was completed. (0x12B)
[0322/001025.628:ERROR:process_memory_win.cc(73)] ReadMemory at 0xad0fffd000 of 12288 bytes failed: Only part of a ReadProcessMemory or WriteProcessMemory request was completed. (0x12B)
[0322/001025.628:ERROR:process_memory_win.cc(73)] ReadMemory at 0xad137fc000 of 16384 bytes failed: Only part of a ReadProcessMemory or WriteProcessMemory request was completed. (0x12B)
[0322/001025.628:ERROR:process_memory_win.cc(73)] ReadMemory at 0xad13ffc000 of 16384 bytes failed: Only part of a ReadProcessMemory or WriteProcessMemory request was completed. (0x12B)
[0322/001025.628:ERROR:process_memory_win.cc(73)] ReadMemory at 0xad14ffc000 of 16384 bytes failed: Only part of a ReadProcessMemory or WriteProcessMemory request was completed. (0x12B)
[0322/001025.628:ERROR:process_memory_win.cc(73)] ReadMemory at 0xad157fc000 of 16384 bytes failed: Only part of a ReadProcessMemory or WriteProcessMemory request was completed. (0x12B)
[0322/001025.628:ERROR:process_memory_win.cc(73)] ReadMemory at 0xad15ffc000 of 16384 bytes failed: Only part of a ReadProcessMemory or WriteProcessMemory request was completed. (0x12B)
[0322/001025.628:ERROR:process_memory_win.cc(73)] ReadMemory at 0xad147fc000 of 16384 bytes failed: Only part of a ReadProcessMemory or WriteProcessMemory request was completed. (0x12B)
[0322/001025.628:ERROR:process_memory_win.cc(73)] ReadMemory at 0xad0cffc000 of 16384 bytes failed: Only part of a ReadProcessMemory or WriteProcessMemory request was completed. (0x12B)
[0322/001025.628:ERROR:process_memory_win.cc(73)] ReadMemory at 0xad0b60a000 of 6024 bytes failed: Only part of a ReadProcessMemory or WriteProcessMemory request was completed. (0x12B)
[0322/001025.628:ERROR:process_memory_win.cc(73)] ReadMemory at 0xad0b674000 of 6024 bytes failed: Only part of a ReadProcessMemory or WriteProcessMemory request was completed. (0x12B)
[0322/001025.628:ERROR:process_memory_win.cc(73)] ReadMemory at 0xad0b68a000 of 6024 bytes failed: Only part of a ReadProcessMemory or WriteProcessMemory request was completed. (0x12B)
[0322/001025.628:ERROR:process_memory_win.cc(73)] ReadMemory at 0xad0b692000 of 6024 bytes failed: Only part of a ReadProcessMemory or WriteProcessMemory request was completed. (0x12B)
[0322/001025.629:ERROR:process_memory_win.cc(73)] ReadMemory at 0xad0b694000 of 6024 bytes failed: Only part of a ReadProcessMemory or WriteProcessMemory request was completed. (0x12B)
[0322/001025.629:ERROR:process_memory_win.cc(73)] ReadMemory at 0xad0b696000 of 6024 bytes failed: Only part of a ReadProcessMemory or WriteProcessMemory request was completed. (0x12B)
[0322/001025.629:ERROR:process_memory_win.cc(73)] ReadMemory at 0xad0b698000 of 6024 bytes failed: Only part of a ReadProcessMemory or WriteProcessMemory request was completed. (0x12B)
[0322/001025.629:ERROR:process_memory_win.cc(73)] ReadMemory at 0xad0b69a000 of 6024 bytes failed: Only part of a ReadProcessMemory or WriteProcessMemory request was completed. (0x12B)
[0322/001025.629:ERROR:process_memory_win.cc(73)] ReadMemory at 0xad0b7db000 of 852 bytes failed: Only part of a ReadProcessMemory or WriteProcessMemory request was completed. (0x12B)
[0322/001025.629:ERROR:process_memory_win.cc(73)] ReadMemory at 0xad0b7dc000 of 6024 bytes failed: Only part of a ReadProcessMemory or WriteProcessMemory request was completed. (0x12B)
[0322/001025.629:ERROR:process_memory_win.cc(73)] ReadMemory at 0xad0b7de000 of 6024 bytes failed: Only part of a ReadProcessMemory or WriteProcessMemory request was completed. (0x12B)
[0322/001025.629:ERROR:process_memory_win.cc(73)] ReadMemory at 0xad0b7e2000 of 6024 bytes failed: Only part of a ReadProcessMemory or WriteProcessMemory request was completed. (0x12B)
[0322/001025.629:ERROR:process_memory_win.cc(73)] ReadMemory at 0xad0b7e4000 of 6024 bytes failed: Only part of a ReadProcessMemory or WriteProcessMemory request was completed. (0x12B)
[0322/001025.629:ERROR:process_memory_win.cc(73)] ReadMemory at 0xad0b7e6000 of 6024 bytes failed: Only part of a ReadProcessMemory or WriteProcessMemory request was completed. (0x12B)
[0322/001025.629:ERROR:process_memory_win.cc(73)] ReadMemory at 0xad0b7e8000 of 6024 bytes failed: Only part of a ReadProcessMemory or WriteProcessMemory request was completed. (0x12B)
[0322/001025.629:ERROR:process_memory_win.cc(73)] ReadMemory at 0xad0b7ea000 of 6024 bytes failed: Only part of a ReadProcessMemory or WriteProcessMemory request was completed. (0x12B)
[0322/001025.629:ERROR:process_memory_win.cc(73)] ReadMemory at 0xad0b7ee000 of 6024 bytes failed: Only part of a ReadProcessMemory or WriteProcessMemory request was completed. (0x12B)
[0322/001025.629:ERROR:process_memory_win.cc(73)] ReadMemory at 0xad0b7f0000 of 6024 bytes failed: Only part of a ReadProcessMemory or WriteProcessMemory request was completed. (0x12B)
[0322/001025.629:ERROR:process_memory_win.cc(73)] ReadMemory at 0xad0b7f2000 of 6024 bytes failed: Only part of a ReadProcessMemory or WriteProcessMemory request was completed. (0x12B)
[0322/001025.629:ERROR:process_memory_win.cc(73)] ReadMemory at 0xad0b7f4000 of 6024 bytes failed: Only part of a ReadProcessMemory or WriteProcessMemory request was completed. (0x12B)
[0322/001025.629:ERROR:process_memory_win.cc(73)] ReadMemory at 0xad0b7f6000 of 6024 bytes failed: Only part of a ReadProcessMemory or WriteProcessMemory request was completed. (0x12B)
[0322/001025.629:ERROR:process_memory_win.cc(73)] ReadMemory at 0xad0b7f8000 of 6024 bytes failed: Only part of a ReadProcessMemory or WriteProcessMemory request was completed. (0x12B)
[0322/001025.629:ERROR:process_memory_win.cc(73)] ReadMemory at 0x28180081780 of 512 bytes failed: Only part of a ReadProcessMemory or WriteProcessMemory request was completed. (0x12B)
[0322/001025.629:ERROR:process_memory_win.cc(73)] ReadMemory at 0x281800837c0 of 512 bytes failed: Only part of a ReadProcessMemory or WriteProcessMemory request was completed. (0x12B)
[0322/001025.629:ERROR:process_memory_win.cc(73)] ReadMemory at 0x28180083a00 of 512 bytes failed: Only part of a ReadProcessMemory or WriteProcessMemory request was completed. (0x12B)
[0322/001025.629:ERROR:process_memory_win.cc(73)] ReadMemory at 0x281800e6b30 of 512 bytes failed: Only part of a ReadProcessMemory or WriteProcessMemory request was completed. (0x12B)
[0322/001025.629:ERROR:process_memory_win.cc(73)] ReadMemory at 0x281800f7410 of 512 bytes failed: Only part of a ReadProcessMemory or WriteProcessMemory request was completed. (0x12B)
[0322/001025.629:ERROR:process_memory_win.cc(73)] ReadMemory at 0x281800feb60 of 512 bytes failed: Only part of a ReadProcessMemory or WriteProcessMemory request was completed. (0x12B)
[0322/001025.629:ERROR:process_memory_win.cc(73)] ReadMemory at 0x281800feea0 of 512 bytes failed: Only part of a ReadProcessMemory or WriteProcessMemory request was completed. (0x12B)
[0322/001025.629:ERROR:process_memory_win.cc(73)] ReadMemory at 0x28180117e10 of 512 bytes failed: Only part of a ReadProcessMemory or WriteProcessMemory request was completed. (0x12B)
[0322/001025.630:ERROR:process_memory_win.cc(73)] ReadMemory at 0x281801210e0 of 712 bytes failed: Only part of a ReadProcessMemory or WriteProcessMemory request was completed. (0x12B)
[0322/001025.630:ERROR:process_memory_win.cc(73)] ReadMemory at 0x28180126370 of 512 bytes failed: Only part of a ReadProcessMemory or WriteProcessMemory request was completed. (0x12B)
[0322/001025.630:ERROR:process_memory_win.cc(73)] ReadMemory at 0x28180127938 of 512 bytes failed: Only part of a ReadProcessMemory or WriteProcessMemory request was completed. (0x12B)
[0322/001025.630:ERROR:process_memory_win.cc(73)] ReadMemory at 0x28180128d78 of 512 bytes failed: Only part of a ReadProcessMemory or WriteProcessMemory request was completed. (0x12B)
[0322/001025.630:ERROR:process_memory_win.cc(73)] ReadMemory at 0x281801294c8 of 512 bytes failed: Only part of a ReadProcessMemory or WriteProcessMemory request was completed. (0x12B)
[0322/001025.630:ERROR:process_memory_win.cc(73)] ReadMemory at 0x281821be8e0 of 512 bytes failed: Only part of a ReadProcessMemory or WriteProcessMemory request was completed. (0x12B)
[0322/001025.630:ERROR:process_memory_win.cc(73)] ReadMemory at 0x281823212a0 of 512 bytes failed: Only part of a ReadProcessMemory or WriteProcessMemory request was completed. (0x12B)
[0322/001025.630:ERROR:process_memory_win.cc(73)] ReadMemory at 0x28182330dc0 of 512 bytes failed: Only part of a ReadProcessMemory or WriteProcessMemory request was completed. (0x12B)
[0322/001025.630:ERROR:process_memory_win.cc(73)] ReadMemory at 0x281828a71d0 of 992 bytes failed: Only part of a ReadProcessMemory or WriteProcessMemory request was completed. (0x12B)
[0322/001025.630:ERROR:process_memory_win.cc(73)] ReadMemory at 0x281828b50f0 of 512 bytes failed: Only part of a ReadProcessMemory or WriteProcessMemory request was completed. (0x12B)
[0322/001025.630:ERROR:process_memory_win.cc(73)] ReadMemory at 0x28182b219f0 of 512 bytes failed: Only part of a ReadProcessMemory or WriteProcessMemory request was completed. (0x12B)
[0322/001025.630:ERROR:process_memory_win.cc(73)] ReadMemory at 0x281841ad8d0 of 512 bytes failed: Only part of a ReadProcessMemory or WriteProcessMemory request was completed. (0x12B)
[0322/001025.630:ERROR:process_memory_win.cc(73)] ReadMemory at 0x28184319c60 of 512 bytes failed: Only part of a ReadProcessMemory or WriteProcessMemory request was completed. (0x12B)
[0322/001025.630:ERROR:process_memory_win.cc(73)] ReadMemory at 0x28184669bd0 of 1040 bytes failed: Only part of a ReadProcessMemory or WriteProcessMemory request was completed. (0x12B)
[0322/001025.630:ERROR:process_memory_win.cc(73)] ReadMemory at 0x281847d9b40 of 512 bytes failed: Only part of a ReadProcessMemory or WriteProcessMemory request was completed. (0x12B)
[0322/001025.630:ERROR:process_memory_win.cc(73)] ReadMemory at 0x281848dc3d8 of 512 bytes failed: Only part of a ReadProcessMemory or WriteProcessMemory request was completed. (0x12B)
[0322/001025.630:ERROR:process_memory_win.cc(73)] ReadMemory at 0x2818493fbc0 of 512 bytes failed: Only part of a ReadProcessMemory or WriteProcessMemory request was completed. (0x12B)
[0322/001025.630:ERROR:process_memory_win.cc(73)] ReadMemory at 0x281849427a0 of 512 bytes failed: Only part of a ReadProcessMemory or WriteProcessMemory request was completed. (0x12B)
[0322/001025.630:ERROR:process_memory_win.cc(73)] ReadMemory at 0x28184943580 of 512 bytes failed: Only part of a ReadProcessMemory or WriteProcessMemory request was completed. (0x12B)
[0322/001025.630:ERROR:process_memory_win.cc(73)] ReadMemory at 0x281849dd880 of 512 bytes failed: Only part of a ReadProcessMemory or WriteProcessMemory request was completed. (0x12B)
[0322/001025.630:ERROR:process_memory_win.cc(73)] ReadMemory at 0x28184da6950 of 512 bytes failed: Only part of a ReadProcessMemory or WriteProcessMemory request was completed. (0x12B)
[0322/001025.630:ERROR:process_memory_win.cc(73)] ReadMemory at 0x281850d5390 of 512 bytes failed: Only part of a ReadProcessMemory or WriteProcessMemory request was completed. (0x12B)
[0322/001025.630:ERROR:process_memory_win.cc(73)] ReadMemory at 0x281fbcc0fe0 of 6182 bytes failed: Only part of a ReadProcessMemory or WriteProcessMemory request was completed. (0x12B)
[0322/001025.630:ERROR:process_memory_win.cc(73)] ReadMemory at 0x281fbcc2810 of 1012 bytes failed: Only part of a ReadProcessMemory or WriteProcessMemory request was completed. (0x12B)
[0322/001025.630:ERROR:process_memory_win.cc(73)] ReadMemory at 0x281fbcc2e38 of 118 bytes failed: Only part of a ReadProcessMemory or WriteProcessMemory request was completed. (0x12B)
[0322/001025.630:ERROR:process_memory_win.cc(73)] ReadMemory at 0x281fbcc2eb0 of 1304 bytes failed: Only part of a ReadProcessMemory or WriteProcessMemory request was completed. (0x12B)
[0322/001025.631:ERROR:process_memory_win.cc(73)] ReadMemory at 0x281fbcc33ca of 118 bytes failed: Only part of a ReadProcessMemory or WriteProcessMemory request was completed. (0x12B)
[0322/001025.631:ERROR:process_memory_win.cc(73)] ReadMemory at 0x281fbcc3442 of 100 bytes failed: Only part of a ReadProcessMemory or WriteProcessMemory request was completed. (0x12B)
[0322/001025.631:ERROR:process_memory_win.cc(73)] ReadMemory at 0x281fbcc34c0 of 58 bytes failed: Only part of a ReadProcessMemory or WriteProcessMemory request was completed. (0x12B)
[0322/001025.631:ERROR:process_memory_win.cc(73)] ReadMemory at 0x281fbcc35c0 of 132 bytes failed: Only part of a ReadProcessMemory or WriteProcessMemory request was completed. (0x12B)
[0322/001025.631:ERROR:process_memory_win.cc(73)] ReadMemory at 0x281fbcc3750 of 132 bytes failed: Only part of a ReadProcessMemory or WriteProcessMemory request was completed. (0x12B)
[0322/001025.631:ERROR:process_memory_win.cc(73)] ReadMemory at 0x281fbcc3910 of 126 bytes failed: Only part of a ReadProcessMemory or WriteProcessMemory request was completed. (0x12B)
[0322/001025.631:ERROR:process_memory_win.cc(73)] ReadMemory at 0x281fbcc3cf0 of 132 bytes failed: Only part of a ReadProcessMemory or WriteProcessMemory request was completed. (0x12B)
[0322/001025.631:ERROR:process_memory_win.cc(73)] ReadMemory at 0x281fbcc3e80 of 64 bytes failed: Only part of a ReadProcessMemory or WriteProcessMemory request was completed. (0x12B)
[0322/001025.631:ERROR:process_memory_win.cc(73)] ReadMemory at 0x281fbcc3ed0 of 132 bytes failed: Only part of a ReadProcessMemory or WriteProcessMemory request was completed. (0x12B)
[0322/001025.631:ERROR:process_memory_win.cc(73)] ReadMemory at 0x281fbcc4040 of 132 bytes failed: Only part of a ReadProcessMemory or WriteProcessMemory request was completed. (0x12B)
[0322/001025.631:ERROR:process_memory_win.cc(73)] ReadMemory at 0x281fbcc42e0 of 132 bytes failed: Only part of a ReadProcessMemory or WriteProcessMemory request was completed. (0x12B)
[0322/001025.631:ERROR:process_memory_win.cc(73)] ReadMemory at 0x281fbcc4470 of 68 bytes failed: Only part of a ReadProcessMemory or WriteProcessMemory request was completed. (0x12B)
[0322/001025.631:ERROR:process_memory_win.cc(73)] ReadMemory at 0x281fbcc5540 of 132 bytes failed: Only part of a ReadProcessMemory or WriteProcessMemory request was completed. (0x12B)
[0322/001025.631:ERROR:process_memory_win.cc(73)] ReadMemory at 0x281fbcc56d0 of 154 bytes failed: Only part of a ReadProcessMemory or WriteProcessMemory request was completed. (0x12B)
[0322/001025.631:ERROR:process_memory_win.cc(73)] ReadMemory at 0x281fbcc6360 of 132 bytes failed: Only part of a ReadProcessMemory or WriteProcessMemory request was completed. (0x12B)
[0322/001025.631:ERROR:process_memory_win.cc(73)] ReadMemory at 0x281fbcc64f0 of 62 bytes failed: Only part of a ReadProcessMemory or WriteProcessMemory request was completed. (0x12B)
[0322/001025.631:ERROR:process_memory_win.cc(73)] ReadMemory at 0x281fbcc6570 of 146 bytes failed: Only part of a ReadProcessMemory or WriteProcessMemory request was completed. (0x12B)
[0322/001025.631:ERROR:process_memory_win.cc(73)] ReadMemory at 0x281fbcc6650 of 132 bytes failed: Only part of a ReadProcessMemory or WriteProcessMemory request was completed. (0x12B)
[0322/001025.631:ERROR:process_memory_win.cc(73)] ReadMemory at 0x281fbcc67e0 of 60 bytes failed: Only part of a ReadProcessMemory or WriteProcessMemory request was completed. (0x12B)
[0322/001025.631:ERROR:process_memory_win.cc(73)] ReadMemory at 0x281fbcc6940 of 132 bytes failed: Only part of a ReadProcessMemory or WriteProcessMemory request was completed. (0x12B)
[0322/001025.631:ERROR:process_memory_win.cc(73)] ReadMemory at 0x281fbcc7ffc of 512 bytes failed: Only part of a ReadProcessMemory or WriteProcessMemory request was completed. (0x12B)
[0322/001025.631:ERROR:process_memory_win.cc(73)] ReadMemory at 0x281fbcc8630 of 132 bytes failed: Only part of a ReadProcessMemory or WriteProcessMemory request was completed. (0x12B)
[0322/001025.631:ERROR:process_memory_win.cc(73)] ReadMemory at 0x281fbcc8850 of 132 bytes failed: Only part of a ReadProcessMemory or WriteProcessMemory request was completed. (0x12B)
[0322/001025.631:ERROR:process_memory_win.cc(73)] ReadMemory at 0x281fbccb050 of 132 bytes failed: Only part of a ReadProcessMemory or WriteProcessMemory request was completed. (0x12B)
[0322/001025.631:ERROR:process_memory_win.cc(73)] ReadMemory at 0x281fbccb180 of 132 bytes failed: Only part of a ReadProcessMemory or WriteProcessMemory request was completed. (0x12B)
[0322/001025.631:ERROR:process_memory_win.cc(73)] ReadMemory at 0x281fbccb310 of 80 bytes failed: Only part of a ReadProcessMemory or WriteProcessMemory request was completed. (0x12B)
[0322/001025.631:ERROR:process_memory_win.cc(73)] ReadMemory at 0x281fbccb5a0 of 62 bytes failed: Only part of a ReadProcessMemory or WriteProcessMemory request was completed. (0x12B)
[0322/001025.631:ERROR:process_memory_win.cc(73)] ReadMemory at 0x281fbccb5f0 of 64 bytes failed: Only part of a ReadProcessMemory or WriteProcessMemory request was completed. (0x12B)
[0322/001025.631:ERROR:process_memory_win.cc(73)] ReadMemory at 0x281fbccb640 of 60 bytes failed: Only part of a ReadProcessMemory or WriteProcessMemory request was completed. (0x12B)
[0322/001025.631:ERROR:process_memory_win.cc(73)] ReadMemory at 0x281fbccb690 of 66 bytes failed: Only part of a ReadProcessMemory or WriteProcessMemory request was completed. (0x12B)
[0322/001025.631:ERROR:process_memory_win.cc(73)] ReadMemory at 0x281fbccb6e0 of 64 bytes failed: Only part of a ReadProcessMemory or WriteProcessMemory request was completed. (0x12B)
[0322/001025.631:ERROR:process_memory_win.cc(73)] ReadMemory at 0x281fbccb7d0 of 64 bytes failed: Only part of a ReadProcessMemory or WriteProcessMemory request was completed. (0x12B)
[0322/001025.631:ERROR:process_memory_win.cc(73)] ReadMemory at 0x281fbccbaf0 of 64 bytes failed: Only part of a ReadProcessMemory or WriteProcessMemory request was completed. (0x12B)
[0322/001025.632:ERROR:process_memory_win.cc(73)] ReadMemory at 0x281fbccbb40 of 60 bytes failed: Only part of a ReadProcessMemory or WriteProcessMemory request was completed. (0x12B)
[0322/001025.632:ERROR:process_memory_win.cc(73)] ReadMemory at 0x281fbccbbe0 of 62 bytes failed: Only part of a ReadProcessMemory or WriteProcessMemory request was completed. (0x12B)
[0322/001025.632:ERROR:process_memory_win.cc(73)] ReadMemory at 0x281fbccc1e0 of 76 bytes failed: Only part of a ReadProcessMemory or WriteProcessMemory request was completed. (0x12B)
[0322/001025.632:ERROR:process_memory_win.cc(73)] ReadMemory at 0x281fbcccc60 of 78 bytes failed: Only part of a ReadProcessMemory or WriteProcessMemory request was completed. (0x12B)
[0322/001025.632:ERROR:process_memory_win.cc(73)] ReadMemory at 0x281fbcccd20 of 80 bytes failed: Only part of a ReadProcessMemory or WriteProcessMemory request was completed. (0x12B)
[0322/001025.632:ERROR:process_memory_win.cc(73)] ReadMemory at 0x281fbccd300 of 64 bytes failed: Only part of a ReadProcessMemory or WriteProcessMemory request was completed. (0x12B)
[0322/001025.632:ERROR:process_memory_win.cc(73)] ReadMemory at 0x281fbccd350 of 62 bytes failed: Only part of a ReadProcessMemory or WriteProcessMemory request was completed. (0x12B)
[0322/001025.632:ERROR:process_memory_win.cc(73)] ReadMemory at 0x281fbccd440 of 68 bytes failed: Only part of a ReadProcessMemory or WriteProcessMemory request was completed. (0x12B)
[0322/001025.632:ERROR:process_memory_win.cc(73)] ReadMemory at 0x281fbccd580 of 62 bytes failed: Only part of a ReadProcessMemory or WriteProcessMemory request was completed. (0x12B)
[0322/001025.632:ERROR:process_memory_win.cc(73)] ReadMemory at 0x281fbccd620 of 60 bytes failed: Only part of a ReadProcessMemory or WriteProcessMemory request was completed. (0x12B)
[0322/001025.632:ERROR:process_memory_win.cc(73)] ReadMemory at 0x281fbccd850 of 64 bytes failed: Only part of a ReadProcessMemory or WriteProcessMemory request was completed. (0x12B)
[0322/001025.632:ERROR:process_memory_win.cc(73)] ReadMemory at 0x281fbccd940 of 62 bytes failed: Only part of a ReadProcessMemory or WriteProcessMemory request was completed. (0x12B)
[0322/001025.632:ERROR:process_memory_win.cc(73)] ReadMemory at 0x281fbccd990 of 60 bytes failed: Only part of a ReadProcessMemory or WriteProcessMemory request was completed. (0x12B)
[0322/001025.632:ERROR:process_memory_win.cc(73)] ReadMemory at 0x281fbccd9e0 of 64 bytes failed: Only part of a ReadProcessMemory or WriteProcessMemory request was completed. (0x12B)
[0322/001025.632:ERROR:process_memory_win.cc(73)] ReadMemory at 0x281fbccda30 of 66 bytes failed: Only part of a ReadProcessMemory or WriteProcessMemory request was completed. (0x12B)
[0322/001025.632:ERROR:process_memory_win.cc(73)] ReadMemory at 0x281fbccdad0 of 62 bytes failed: Only part of a ReadProcessMemory or WriteProcessMemory request was completed. (0x12B)
[0322/001025.632:ERROR:process_memory_win.cc(73)] ReadMemory at 0x281fbccdb70 of 60 bytes failed: Only part of a ReadProcessMemory or WriteProcessMemory request was completed. (0x12B)
[0322/001025.632:ERROR:process_memory_win.cc(73)] ReadMemory at 0x281fbccdc60 of 62 bytes failed: Only part of a ReadProcessMemory or WriteProcessMemory request was completed. (0x12B)
[0322/001025.632:ERROR:process_memory_win.cc(73)] ReadMemory at 0x281fbccdcb0 of 62 bytes failed: Only part of a ReadProcessMemory or WriteProcessMemory request was completed. (0x12B)
[0322/001025.632:ERROR:process_memory_win.cc(73)] ReadMemory at 0x281fbccddf0 of 60 bytes failed: Only part of a ReadProcessMemory or WriteProcessMemory request was completed. (0x12B)
[0322/001025.632:ERROR:process_memory_win.cc(73)] ReadMemory at 0x281fbccdee0 of 64 bytes failed: Only part of a ReadProcessMemory or WriteProcessMemory request was completed. (0x12B)
[0322/001025.632:ERROR:process_memory_win.cc(73)] ReadMemory at 0x281fbccdf30 of 58 bytes failed: Only part of a ReadProcessMemory or WriteProcessMemory request was completed. (0x12B)
[0322/001025.632:ERROR:process_memory_win.cc(73)] ReadMemory at 0x281fbccdf80 of 62 bytes failed: Only part of a ReadProcessMemory or WriteProcessMemory request was completed. (0x12B)
[0322/001025.632:ERROR:process_memory_win.cc(73)] ReadMemory at 0x281fbccdfd0 of 62 bytes failed: Only part of a ReadProcessMemory or WriteProcessMemory request was completed. (0x12B)
[0322/001025.632:ERROR:process_memory_win.cc(73)] ReadMemory at 0x281fbccfa40 of 54 bytes failed: Only part of a ReadProcessMemory or WriteProcessMemory request was completed. (0x12B)
[0322/001025.632:ERROR:process_memory_win.cc(73)] ReadMemory at 0x281fbcd0a90 of 132 bytes failed: Only part of a ReadProcessMemory or WriteProcessMemory request was completed. (0x12B)
[0322/001025.632:ERROR:process_memory_win.cc(73)] ReadMemory at 0x281fbcd0d00 of 132 bytes failed: Only part of a ReadProcessMemory or WriteProcessMemory request was completed. (0x12B)
[0322/001025.632:ERROR:process_memory_win.cc(73)] ReadMemory at 0x281fbcd0f10 of 132 bytes failed: Only part of a ReadProcessMemory or WriteProcessMemory request was completed. (0x12B)
[0322/001025.632:ERROR:process_memory_win.cc(73)] ReadMemory at 0x281fbcd59e0 of 132 bytes failed: Only part of a ReadProcessMemory or WriteProcessMemory request was completed. (0x12B)
[0322/001025.632:ERROR:process_memory_win.cc(73)] ReadMemory at 0x281fbcd5b10 of 132 bytes failed: Only part of a ReadProcessMemory or WriteProcessMemory request was completed. (0x12B)
[0322/001025.632:ERROR:process_memory_win.cc(73)] ReadMemory at 0x281fbcd5c40 of 132 bytes failed: Only part of a ReadProcessMemory or WriteProcessMemory request was completed. (0x12B)
[0322/001025.632:ERROR:process_memory_win.cc(73)] ReadMemory at 0x281fbcd5d70 of 132 bytes failed: Only part of a ReadProcessMemory or WriteProcessMemory request was completed. (0x12B)
[0322/001025.632:ERROR:process_memory_win.cc(73)] ReadMemory at 0x281fbcd5ea0 of 132 bytes failed: Only part of a ReadProcessMemory or WriteProcessMemory request was completed. (0x12B)
[0322/001025.633:ERROR:process_memory_win.cc(73)] ReadMemory at 0x281fbcd6100 of 132 bytes failed: Only part of a ReadProcessMemory or WriteProcessMemory request was completed. (0x12B)
[0322/001025.633:ERROR:process_memory_win.cc(73)] ReadMemory at 0x281fbcd6230 of 132 bytes failed: Only part of a ReadProcessMemory or WriteProcessMemory request was completed. (0x12B)
[0322/001025.633:ERROR:process_memory_win.cc(73)] ReadMemory at 0x281fbcd6360 of 132 bytes failed: Only part of a ReadProcessMemory or WriteProcessMemory request was completed. (0x12B)
[0322/001025.633:ERROR:process_memory_win.cc(73)] ReadMemory at 0x281fbcd6490 of 132 bytes failed: Only part of a ReadProcessMemory or WriteProcessMemory request was completed. (0x12B)
[0322/001025.633:ERROR:process_memory_win.cc(73)] ReadMemory at 0x281fbcd65c0 of 132 bytes failed: Only part of a ReadProcessMemory or WriteProcessMemory request was completed. (0x12B)
[0322/001025.633:ERROR:process_memory_win.cc(73)] ReadMemory at 0x281fbcd66f0 of 132 bytes failed: Only part of a ReadProcessMemory or WriteProcessMemory request was completed. (0x12B)
[0322/001025.633:ERROR:process_memory_win.cc(73)] ReadMemory at 0x281fbcd6820 of 132 bytes failed: Only part of a ReadProcessMemory or WriteProcessMemory request was completed. (0x12B)
[0322/001025.633:ERROR:process_memory_win.cc(73)] ReadMemory at 0x281fbcd7530 of 132 bytes failed: Only part of a ReadProcessMemory or WriteProcessMemory request was completed. (0x12B)
[0322/001025.633:ERROR:process_memory_win.cc(73)] ReadMemory at 0x281fbcd7660 of 132 bytes failed: Only part of a ReadProcessMemory or WriteProcessMemory request was completed. (0x12B)
[0322/001025.633:ERROR:process_memory_win.cc(73)] ReadMemory at 0x281fbcd7790 of 132 bytes failed: Only part of a ReadProcessMemory or WriteProcessMemory request was completed. (0x12B)
[0322/001025.633:ERROR:process_memory_win.cc(73)] ReadMemory at 0x281fbcd79f0 of 132 bytes failed: Only part of a ReadProcessMemory or WriteProcessMemory request was completed. (0x12B)
[0322/001025.633:ERROR:process_memory_win.cc(73)] ReadMemory at 0x281fbcd7b20 of 132 bytes failed: Only part of a ReadProcessMemory or WriteProcessMemory request was completed. (0x12B)
[0322/001025.633:ERROR:process_memory_win.cc(73)] ReadMemory at 0x281fbcd7c50 of 132 bytes failed: Only part of a ReadProcessMemory or WriteProcessMemory request was completed. (0x12B)
[0322/001025.633:ERROR:process_memory_win.cc(73)] ReadMemory at 0x281fbcd7d80 of 132 bytes failed: Only part of a ReadProcessMemory or WriteProcessMemory request was completed. (0x12B)
[0322/001025.633:ERROR:process_memory_win.cc(73)] ReadMemory at 0x281fbcd7eb0 of 132 bytes failed: Only part of a ReadProcessMemory or WriteProcessMemory request was completed. (0x12B)
[0322/001025.633:ERROR:process_memory_win.cc(73)] ReadMemory at 0x281fbcd7fe0 of 132 bytes failed: Only part of a ReadProcessMemory or WriteProcessMemory request was completed. (0x12B)
[0322/001025.633:ERROR:process_memory_win.cc(73)] ReadMemory at 0x281fbcd8110 of 132 bytes failed: Only part of a ReadProcessMemory or WriteProcessMemory request was completed. (0x12B)
[0322/001025.633:ERROR:process_memory_win.cc(73)] ReadMemory at 0x281fbcd8240 of 132 bytes failed: Only part of a ReadProcessMemory or WriteProcessMemory request was completed. (0x12B)
[0322/001025.633:ERROR:process_memory_win.cc(73)] ReadMemory at 0x281fbcd8370 of 132 bytes failed: Only part of a ReadProcessMemory or WriteProcessMemory request was completed. (0x12B)
[0322/001025.633:ERROR:process_memory_win.cc(73)] ReadMemory at 0x281fbcd85d0 of 132 bytes failed: Only part of a ReadProcessMemory or WriteProcessMemory request was completed. (0x12B)
[0322/001025.633:ERROR:process_memory_win.cc(73)] ReadMemory at 0x281fbcd8960 of 132 bytes failed: Only part of a ReadProcessMemory or WriteProcessMemory request was completed. (0x12B)
[0322/001025.633:ERROR:process_memory_win.cc(73)] ReadMemory at 0x281fbcd8bc0 of 132 bytes failed: Only part of a ReadProcessMemory or WriteProcessMemory request was completed. (0x12B)
[0322/001025.633:ERROR:process_memory_win.cc(73)] ReadMemory at 0x281fbcd8cf0 of 132 bytes failed: Only part of a ReadProcessMemory or WriteProcessMemory request was completed. (0x12B)
[0322/001025.633:ERROR:process_memory_win.cc(73)] ReadMemory at 0x281fbcd8e20 of 132 bytes failed: Only part of a ReadProcessMemory or WriteProcessMemory request was completed. (0x12B)
[0322/001025.633:ERROR:process_memory_win.cc(73)] ReadMemory at 0x281fbcd8f50 of 132 bytes failed: Only part of a ReadProcessMemory or WriteProcessMemory request was completed. (0x12B)
[0322/001025.633:ERROR:process_memory_win.cc(73)] ReadMemory at 0x281fbcd9080 of 132 bytes failed: Only part of a ReadProcessMemory or WriteProcessMemory request was completed. (0x12B)
[0322/001025.633:ERROR:process_memory_win.cc(73)] ReadMemory at 0x281fbcd91b0 of 132 bytes failed: Only part of a ReadProcessMemory or WriteProcessMemory request was completed. (0x12B)
[0322/001025.633:ERROR:process_memory_win.cc(73)] ReadMemory at 0x281fbcd92e0 of 132 bytes failed: Only part of a ReadProcessMemory or WriteProcessMemory request was completed. (0x12B)
[0322/001025.633:ERROR:process_memory_win.cc(73)] ReadMemory at 0x281fbce7d30 of 62 bytes failed: Only part of a ReadProcessMemory or WriteProcessMemory request was completed. (0x12B)
[0322/001025.633:ERROR:process_memory_win.cc(73)] ReadMemory at 0x281fbce7e20 of 60 bytes failed: Only part of a ReadProcessMemory or WriteProcessMemory request was completed. (0x12B)
[0322/001025.633:ERROR:process_memory_win.cc(73)] ReadMemory at 0x281fbce8000 of 62 bytes failed: Only part of a ReadProcessMemory or WriteProcessMemory request was completed. (0x12B)
[0322/001025.633:ERROR:process_memory_win.cc(73)] ReadMemory at 0x281fbce8140 of 66 bytes failed: Only part of a ReadProcessMemory or WriteProcessMemory request was completed. (0x12B)
[0322/001025.633:ERROR:process_memory_win.cc(73)] ReadMemory at 0x281fbce81e0 of 60 bytes failed: Only part of a ReadProcessMemory or WriteProcessMemory request was completed. (0x12B)
[0322/001025.633:ERROR:process_memory_win.cc(73)] ReadMemory at 0x281fbce8460 of 64 bytes failed: Only part of a ReadProcessMemory or WriteProcessMemory request was completed. (0x12B)
[0322/001025.634:ERROR:process_memory_win.cc(73)] ReadMemory at 0x281fbce85a0 of 58 bytes failed: Only part of a ReadProcessMemory or WriteProcessMemory request was completed. (0x12B)
[0322/001025.634:ERROR:process_memory_win.cc(73)] ReadMemory at 0x281fbce86e0 of 62 bytes failed: Only part of a ReadProcessMemory or WriteProcessMemory request was completed. (0x12B)
[0322/001025.634:ERROR:process_memory_win.cc(73)] ReadMemory at 0x281fbce89b0 of 58 bytes failed: Only part of a ReadProcessMemory or WriteProcessMemory request was completed. (0x12B)
[0322/001025.634:ERROR:process_memory_win.cc(73)] ReadMemory at 0x281fbcf7650 of 512 bytes failed: Only part of a ReadProcessMemory or WriteProcessMemory request was completed. (0x12B)
[0322/001025.634:ERROR:process_memory_win.cc(73)] ReadMemory at 0x281fbcf85b0 of 512 bytes failed: Only part of a ReadProcessMemory or WriteProcessMemory request was completed. (0x12B)
[0322/001025.634:ERROR:process_memory_win.cc(73)] ReadMemory at 0x43f7cb3c8a8 of 512 bytes failed: Only part of a ReadProcessMemory or WriteProcessMemory request was completed. (0x12B)
[0322/001025.634:ERROR:process_memory_win.cc(73)] ReadMemory at 0xb0b756f5f20 of 624 bytes failed: Only part of a ReadProcessMemory or WriteProcessMemory request was completed. (0x12B)
[0322/001025.634:ERROR:process_memory_win.cc(73)] ReadMemory at 0x697b530bddf4 of 512 bytes failed: Only part of a ReadProcessMemory or WriteProcessMemory request was completed. (0x12B)
[0322/001025.634:ERROR:process_memory_win.cc(73)] ReadMemory at 0x697b54846740 of 513 bytes failed: Only part of a ReadProcessMemory or WriteProcessMemory request was completed. (0x12B)
[0322/001025.634:ERROR:process_memory_win.cc(73)] ReadMemory at 0x780c08040285 of 512 bytes failed: Only part of a ReadProcessMemory or WriteProcessMemory request was completed. (0x12B)
[0322/001025.634:ERROR:process_memory_win.cc(73)] ReadMemory at 0x780c0808d9bd of 512 bytes failed: Only part of a ReadProcessMemory or WriteProcessMemory request was completed. (0x12B)
[0322/001025.634:ERROR:process_memory_win.cc(73)] ReadMemory at 0x780c0808e3d9 of 512 bytes failed: Only part of a ReadProcessMemory or WriteProcessMemory request was completed. (0x12B)
[0322/001025.634:ERROR:process_memory_win.cc(73)] ReadMemory at 0x780c0a2be9bd of 512 bytes failed: Only part of a ReadProcessMemory or WriteProcessMemory request was completed. (0x12B)
[0322/001025.634:ERROR:process_memory_win.cc(73)] ReadMemory at 0x7ff85bbd8f23 of 512 bytes failed: Only part of a ReadProcessMemory or WriteProcessMemory request was completed. (0x12B)
[0322/001025.634:ERROR:process_memory_win.cc(73)] ReadMemory at 0x7ff85c80bb47 of 512 bytes failed: Only part of a ReadProcessMemory or WriteProcessMemory request was completed. (0x12B)
[0322/001025.634:ERROR:process_memory_win.cc(73)] ReadMemory at 0x7ff85d6ee1f8 of 512 bytes failed: Only part of a ReadProcessMemory or WriteProcessMemory request was completed. (0x12B)
[0322/001025.634:ERROR:process_memory_win.cc(73)] ReadMemory at 0x7ff85f8adfbc of 512 bytes failed: Only part of a ReadProcessMemory or WriteProcessMemory request was completed. (0x12B)
[0322/001025.634:ERROR:process_memory_win.cc(73)] ReadMemory at 0x7ff8607f16e0 of 512 bytes failed: Only part of a ReadProcessMemory or WriteProcessMemory request was completed. (0x12B)
[0322/001025.634:ERROR:process_memory_win.cc(73)] ReadMemory at 0x7ff8b60d90f9 of 512 bytes failed: Only part of a ReadProcessMemory or WriteProcessMemory request was completed. (0x12B)
[0322/001025.634:ERROR:process_memory_win.cc(73)] ReadMemory at 0x7ff8b9e5ff00 of 512 bytes failed: Only part of a ReadProcessMemory or WriteProcessMemory request was completed. (0x12B)
[0322/001025.634:ERROR:process_memory_win.cc(73)] ReadMemory at 0x7ff8b9eaf754 of 672 bytes failed: Only part of a ReadProcessMemory or WriteProcessMemory request was completed. (0x12B)
[0322/001025.634:ERROR:process_memory_win.cc(73)] ReadMemory at 0x7ff8b9eafd54 of 512 bytes failed: Only part of a ReadProcessMemory or WriteProcessMemory request was completed. (0x12B)
[0322/001025.634:ERROR:process_memory_win.cc(73)] ReadMemory at 0x7ff8b9eb2fe4 of 608 bytes failed: Only part of a ReadProcessMemory or WriteProcessMemory request was completed. (0x12B)
[0322/001025.634:ERROR:process_memory_win.cc(73)] ReadMemory at 0x7ff8b9f3c0c8 of 18 bytes failed: Only part of a ReadProcessMemory or WriteProcessMemory request was completed. (0x12B)
[0322/001025.635:ERROR:process_memory_win.cc(73)] ReadMemory at 0x7ff8b9f6f4f8 of 40 bytes failed: Only part of a ReadProcessMemory or WriteProcessMemory request was completed. (0x12B)
[0322/001025.635:ERROR:process_memory_win.cc(73)] ReadMemory at 0x7ff8b9f6f978 of 48 bytes failed: Only part of a ReadProcessMemory or WriteProcessMemory request was completed. (0x12B)
[0322/001025.635:ERROR:process_memory_win.cc(73)] ReadMemory at 0x7ff8b9f753c0 of 64 bytes failed: Only part of a ReadProcessMemory or WriteProcessMemory request was completed. (0x12B)
[0322/001025.636:ERROR:scoped_process_suspend.cc(40)] NtResumeProcess: An attempt was made to access an exiting process. (0xc000010a)
[0322/235107.756:ERROR:process_reader_win.cc(123)] NtOpenThread: {Access Denied} A process has requested access to an object, but has not been granted those access rights. (0xc0000022)
[0322/235107.760:ERROR:exception_snapshot_win.cc(98)] thread ID 18984 not found in process
[0322/235107.801:ERROR:process_reader_win.cc(123)] NtOpenThread: {Access Denied} A process has requested access to an object, but has not been granted those access rights. (0xc0000022)
[0322/235107.801:ERROR:exception_snapshot_win.cc(98)] thread ID 14256 not found in process
[0326/011015.657:ERROR:process_reader_win.cc(123)] NtOpenThread: {Access Denied} A process has requested access to an object, but has not been granted those access rights. (0xc0000022)
[0326/011015.660:ERROR:exception_snapshot_win.cc(98)] thread ID 9832 not found in process
[0326/011015.679:ERROR:process_reader_win.cc(123)] NtOpenThread: {Access Denied} A process has requested access to an object, but has not been granted those access rights. (0xc0000022)
[0326/011015.679:ERROR:exception_snapshot_win.cc(98)] thread ID 9716 not found in process
